2023/10/20 05:55:00 [notice] 1#1: using the "epoll" event method
2023/10/20 05:55:00 [notice] 1#1: nginx/1.25.2
2023/10/20 05:55:00 [notice] 1#1: built by gcc 12.2.0 (Debian 12.2.0-14) 
2023/10/20 05:55:00 [notice] 1#1: OS: Linux 6.2.0-34-generic
2023/10/20 05:55:00 [notice] 1#1: getrlimit(RLIMIT_NOFILE): 1048576:1048576
2023/10/20 05:55:00 [notice] 1#1: start worker processes
2023/10/20 05:55:00 [notice] 1#1: start worker process 29
2023/10/20 05:55:00 [notice] 1#1: start worker process 30
2023/10/20 05:55:00 [notice] 1#1: start worker process 31
2023/10/20 05:55:00 [notice] 1#1: start worker process 32
2023/10/20 05:58:38 [notice] 1#1: signal 3 (SIGQUIT) received, shutting down
2023/10/20 05:58:38 [notice] 31#31: gracefully shutting down
2023/10/20 05:58:38 [notice] 29#29: gracefully shutting down
2023/10/20 05:58:38 [notice] 30#30: gracefully shutting down
2023/10/20 05:58:38 [notice] 29#29: exiting
2023/10/20 05:58:38 [notice] 30#30: exiting
2023/10/20 05:58:38 [notice] 31#31: exiting
2023/10/20 05:58:38 [notice] 32#32: gracefully shutting down
2023/10/20 05:58:38 [notice] 32#32: exiting
2023/10/20 05:58:38 [notice] 31#31: exit
2023/10/20 05:58:38 [notice] 29#29: exit
2023/10/20 05:58:38 [notice] 32#32: exit
2023/10/20 05:58:38 [notice] 30#30: exit
2023/10/20 05:58:38 [notice] 1#1: signal 17 (SIGCHLD) received from 32
2023/10/20 05:58:38 [notice] 1#1: worker process 32 exited with code 0
2023/10/20 05:58:38 [notice] 1#1: signal 29 (SIGIO) received
2023/10/20 05:58:38 [notice] 1#1: signal 17 (SIGCHLD) received from 31
2023/10/20 05:58:38 [notice] 1#1: worker process 31 exited with code 0
2023/10/20 05:58:38 [notice] 1#1: signal 29 (SIGIO) received
2023/10/20 05:58:38 [notice] 1#1: signal 17 (SIGCHLD) received from 30
2023/10/20 05:58:38 [notice] 1#1: worker process 30 exited with code 0
2023/10/20 05:58:38 [notice] 1#1: signal 29 (SIGIO) received
2023/10/20 05:58:38 [notice] 1#1: signal 17 (SIGCHLD) received from 29
2023/10/20 05:58:38 [notice] 1#1: worker process 29 exited with code 0
2023/10/20 05:58:38 [notice] 1#1: exit
2023/10/20 05:58:46 [notice] 1#1: using the "epoll" event method
2023/10/20 05:58:46 [notice] 1#1: nginx/1.25.2
2023/10/20 05:58:46 [notice] 1#1: built by gcc 12.2.0 (Debian 12.2.0-14) 
2023/10/20 05:58:46 [notice] 1#1: OS: Linux 6.2.0-34-generic
2023/10/20 05:58:46 [notice] 1#1: getrlimit(RLIMIT_NOFILE): 1048576:1048576
2023/10/20 05:58:46 [notice] 1#1: start worker processes
2023/10/20 05:58:46 [notice] 1#1: start worker process 29
2023/10/20 05:58:46 [notice] 1#1: start worker process 30
2023/10/20 05:58:46 [notice] 1#1: start worker process 31
2023/10/20 05:58:46 [notice] 1#1: start worker process 32
2023/10/20 07:59:57 [notice] 1#1: signal 3 (SIGQUIT) received, shutting down
2023/10/20 07:59:57 [notice] 29#29: gracefully shutting down
2023/10/20 07:59:57 [notice] 31#31: gracefully shutting down
2023/10/20 07:59:57 [notice] 29#29: exiting
2023/10/20 07:59:57 [notice] 31#31: exiting
2023/10/20 07:59:57 [notice] 32#32: gracefully shutting down
2023/10/20 07:59:57 [notice] 30#30: gracefully shutting down
2023/10/20 07:59:57 [notice] 32#32: exiting
2023/10/20 07:59:57 [notice] 30#30: exiting
2023/10/20 07:59:57 [notice] 32#32: exit
2023/10/20 07:59:57 [notice] 29#29: exit
2023/10/20 07:59:57 [notice] 30#30: exit
2023/10/20 07:59:57 [notice] 31#31: exit
2023/10/20 07:59:57 [notice] 1#1: signal 17 (SIGCHLD) received from 31
2023/10/20 07:59:57 [notice] 1#1: worker process 31 exited with code 0
2023/10/20 07:59:57 [notice] 1#1: signal 29 (SIGIO) received
2023/10/20 07:59:57 [notice] 1#1: signal 17 (SIGCHLD) received from 32
2023/10/20 07:59:57 [notice] 1#1: worker process 30 exited with code 0
2023/10/20 07:59:57 [notice] 1#1: worker process 32 exited with code 0
2023/10/20 07:59:57 [notice] 1#1: signal 29 (SIGIO) received
2023/10/20 07:59:57 [notice] 1#1: signal 17 (SIGCHLD) received from 29
2023/10/20 07:59:57 [notice] 1#1: worker process 29 exited with code 0
2023/10/20 07:59:57 [notice] 1#1: exit
2023/10/20 08:06:22 [notice] 1#1: using the "epoll" event method
2023/10/20 08:06:22 [notice] 1#1: nginx/1.25.2
2023/10/20 08:06:22 [notice] 1#1: built by gcc 12.2.0 (Debian 12.2.0-14) 
2023/10/20 08:06:22 [notice] 1#1: OS: Linux 6.2.0-34-generic
2023/10/20 08:06:22 [notice] 1#1: getrlimit(RLIMIT_NOFILE): 1048576:1048576
2023/10/20 08:06:22 [notice] 1#1: start worker processes
2023/10/20 08:06:22 [notice] 1#1: start worker process 28
2023/10/20 08:06:22 [notice] 1#1: start worker process 29
2023/10/20 08:06:22 [notice] 1#1: start worker process 30
2023/10/20 08:06:22 [notice] 1#1: start worker process 31
2023/10/20 08:24:59 [notice] 1#1: signal 3 (SIGQUIT) received, shutting down
2023/10/20 08:24:59 [notice] 30#30: gracefully shutting down
2023/10/20 08:24:59 [notice] 28#28: gracefully shutting down
2023/10/20 08:24:59 [notice] 30#30: exiting
2023/10/20 08:24:59 [notice] 28#28: exiting
2023/10/20 08:24:59 [notice] 29#29: gracefully shutting down
2023/10/20 08:24:59 [notice] 29#29: exiting
2023/10/20 08:24:59 [notice] 31#31: gracefully shutting down
2023/10/20 08:24:59 [notice] 31#31: exiting
2023/10/20 08:24:59 [notice] 28#28: exit
2023/10/20 08:24:59 [notice] 29#29: exit
2023/10/20 08:24:59 [notice] 30#30: exit
2023/10/20 08:24:59 [notice] 31#31: exit
2023/10/20 08:24:59 [notice] 1#1: signal 17 (SIGCHLD) received from 28
2023/10/20 08:24:59 [notice] 1#1: worker process 28 exited with code 0
2023/10/20 08:24:59 [notice] 1#1: worker process 29 exited with code 0
2023/10/20 08:24:59 [notice] 1#1: worker process 30 exited with code 0
2023/10/20 08:24:59 [notice] 1#1: worker process 31 exited with code 0
2023/10/20 08:24:59 [notice] 1#1: exit
2023/10/20 08:49:33 [notice] 1#1: using the "epoll" event method
2023/10/20 08:49:33 [notice] 1#1: nginx/1.25.2
2023/10/20 08:49:33 [notice] 1#1: built by gcc 12.2.0 (Debian 12.2.0-14) 
2023/10/20 08:49:33 [notice] 1#1: OS: Linux 6.2.0-34-generic
2023/10/20 08:49:33 [notice] 1#1: getrlimit(RLIMIT_NOFILE): 1048576:1048576
2023/10/20 08:49:33 [notice] 1#1: start worker processes
2023/10/20 08:49:33 [notice] 1#1: start worker process 28
2023/10/20 08:49:33 [notice] 1#1: start worker process 29
2023/10/20 08:49:33 [notice] 1#1: start worker process 30
2023/10/20 08:49:33 [notice] 1#1: start worker process 31
2023/10/20 09:00:55 [notice] 1#1: signal 3 (SIGQUIT) received, shutting down
2023/10/20 09:00:55 [notice] 31#31: gracefully shutting down
2023/10/20 09:00:55 [notice] 31#31: exiting
2023/10/20 09:00:55 [notice] 30#30: gracefully shutting down
2023/10/20 09:00:55 [notice] 30#30: exiting
2023/10/20 09:00:55 [notice] 29#29: gracefully shutting down
2023/10/20 09:00:55 [notice] 29#29: exiting
2023/10/20 09:00:55 [notice] 28#28: gracefully shutting down
2023/10/20 09:00:55 [notice] 28#28: exiting
2023/10/20 09:00:55 [notice] 30#30: exit
2023/10/20 09:00:55 [notice] 29#29: exit
2023/10/20 09:00:55 [notice] 28#28: exit
2023/10/20 09:00:55 [notice] 31#31: exit
2023/10/20 09:00:55 [notice] 1#1: signal 17 (SIGCHLD) received from 29
2023/10/20 09:00:55 [notice] 1#1: worker process 28 exited with code 0
2023/10/20 09:00:55 [notice] 1#1: worker process 29 exited with code 0
2023/10/20 09:00:55 [notice] 1#1: worker process 30 exited with code 0
2023/10/20 09:00:55 [notice] 1#1: signal 29 (SIGIO) received
2023/10/20 09:00:55 [notice] 1#1: signal 17 (SIGCHLD) received from 30
2023/10/20 09:00:55 [notice] 1#1: signal 17 (SIGCHLD) received from 31
2023/10/20 09:00:55 [notice] 1#1: worker process 31 exited with code 0
2023/10/20 09:00:55 [notice] 1#1: exit
2023/10/20 09:01:04 [notice] 1#1: using the "epoll" event method
2023/10/20 09:01:04 [notice] 1#1: nginx/1.25.2
2023/10/20 09:01:04 [notice] 1#1: built by gcc 12.2.0 (Debian 12.2.0-14) 
2023/10/20 09:01:04 [notice] 1#1: OS: Linux 6.2.0-34-generic
2023/10/20 09:01:04 [notice] 1#1: getrlimit(RLIMIT_NOFILE): 1048576:1048576
2023/10/20 09:01:04 [notice] 1#1: start worker processes
2023/10/20 09:01:04 [notice] 1#1: start worker process 30
2023/10/20 09:01:04 [notice] 1#1: start worker process 31
2023/10/20 09:01:04 [notice] 1#1: start worker process 32
2023/10/20 09:01:04 [notice] 1#1: start worker process 33
2023/10/20 09:08:25 [notice] 1#1: signal 3 (SIGQUIT) received, shutting down
2023/10/20 09:08:25 [notice] 31#31: gracefully shutting down
2023/10/20 09:08:25 [notice] 30#30: gracefully shutting down
2023/10/20 09:08:25 [notice] 30#30: exiting
2023/10/20 09:08:25 [notice] 31#31: exiting
2023/10/20 09:08:25 [notice] 32#32: gracefully shutting down
2023/10/20 09:08:25 [notice] 33#33: gracefully shutting down
2023/10/20 09:08:25 [notice] 32#32: exiting
2023/10/20 09:08:25 [notice] 33#33: exiting
2023/10/20 09:08:25 [notice] 31#31: exit
2023/10/20 09:08:25 [notice] 32#32: exit
2023/10/20 09:08:25 [notice] 30#30: exit
2023/10/20 09:08:25 [notice] 33#33: exit
2023/10/20 09:08:25 [notice] 1#1: signal 17 (SIGCHLD) received from 31
2023/10/20 09:08:25 [notice] 1#1: worker process 31 exited with code 0
2023/10/20 09:08:25 [notice] 1#1: worker process 30 exited with code 0
2023/10/20 09:08:25 [notice] 1#1: signal 29 (SIGIO) received
2023/10/20 09:08:25 [notice] 1#1: signal 17 (SIGCHLD) received from 30
2023/10/20 09:08:25 [notice] 1#1: signal 17 (SIGCHLD) received from 32
2023/10/20 09:08:25 [notice] 1#1: worker process 32 exited with code 0
2023/10/20 09:08:25 [notice] 1#1: signal 29 (SIGIO) received
2023/10/20 09:08:25 [notice] 1#1: signal 17 (SIGCHLD) received from 33
2023/10/20 09:08:25 [notice] 1#1: worker process 33 exited with code 0
2023/10/20 09:08:25 [notice] 1#1: exit
2023/10/20 09:11:18 [notice] 1#1: using the "epoll" event method
2023/10/20 09:11:18 [notice] 1#1: nginx/1.25.2
2023/10/20 09:11:18 [notice] 1#1: built by gcc 12.2.0 (Debian 12.2.0-14) 
2023/10/20 09:11:18 [notice] 1#1: OS: Linux 6.2.0-34-generic
2023/10/20 09:11:18 [notice] 1#1: getrlimit(RLIMIT_NOFILE): 1048576:1048576
2023/10/20 09:11:18 [notice] 1#1: start worker processes
2023/10/20 09:11:18 [notice] 1#1: start worker process 29
2023/10/20 09:11:18 [notice] 1#1: start worker process 30
2023/10/20 09:11:18 [notice] 1#1: start worker process 31
2023/10/20 09:11:18 [notice] 1#1: start worker process 32
2023/10/20 09:19:21 [notice] 1#1: signal 3 (SIGQUIT) received, shutting down
2023/10/20 09:19:21 [notice] 29#29: gracefully shutting down
2023/10/20 09:19:21 [notice] 31#31: gracefully shutting down
2023/10/20 09:19:21 [notice] 32#32: gracefully shutting down
2023/10/20 09:19:21 [notice] 31#31: exiting
2023/10/20 09:19:21 [notice] 32#32: exiting
2023/10/20 09:19:21 [notice] 29#29: exiting
2023/10/20 09:19:21 [notice] 30#30: gracefully shutting down
2023/10/20 09:19:21 [notice] 30#30: exiting
2023/10/20 09:19:21 [notice] 31#31: exit
2023/10/20 09:19:21 [notice] 32#32: exit
2023/10/20 09:19:21 [notice] 29#29: exit
2023/10/20 09:19:21 [notice] 30#30: exit
2023/10/20 09:19:21 [notice] 1#1: signal 17 (SIGCHLD) received from 30
2023/10/20 09:19:21 [notice] 1#1: worker process 30 exited with code 0
2023/10/20 09:19:21 [notice] 1#1: worker process 31 exited with code 0
2023/10/20 09:19:21 [notice] 1#1: worker process 32 exited with code 0
2023/10/20 09:19:21 [notice] 1#1: signal 29 (SIGIO) received
2023/10/20 09:19:21 [notice] 1#1: signal 17 (SIGCHLD) received from 32
2023/10/20 09:19:21 [notice] 1#1: signal 17 (SIGCHLD) received from 29
2023/10/20 09:19:21 [notice] 1#1: worker process 29 exited with code 0
2023/10/20 09:19:21 [notice] 1#1: exit
2023/10/20 09:19:29 [notice] 1#1: using the "epoll" event method
2023/10/20 09:19:29 [notice] 1#1: nginx/1.25.2
2023/10/20 09:19:29 [notice] 1#1: built by gcc 12.2.0 (Debian 12.2.0-14) 
2023/10/20 09:19:29 [notice] 1#1: OS: Linux 6.2.0-34-generic
2023/10/20 09:19:29 [notice] 1#1: getrlimit(RLIMIT_NOFILE): 1048576:1048576
2023/10/20 09:19:29 [notice] 1#1: start worker processes
2023/10/20 09:19:29 [notice] 1#1: start worker process 29
2023/10/20 09:19:29 [notice] 1#1: start worker process 30
2023/10/20 09:19:29 [notice] 1#1: start worker process 31
2023/10/20 09:19:29 [notice] 1#1: start worker process 32
2023/10/20 09:21:50 [notice] 1#1: signal 3 (SIGQUIT) received, shutting down
2023/10/20 09:21:50 [notice] 30#30: gracefully shutting down
2023/10/20 09:21:50 [notice] 30#30: exiting
2023/10/20 09:21:50 [notice] 29#29: gracefully shutting down
2023/10/20 09:21:50 [notice] 32#32: gracefully shutting down
2023/10/20 09:21:50 [notice] 32#32: exiting
2023/10/20 09:21:50 [notice] 31#31: gracefully shutting down
2023/10/20 09:21:50 [notice] 29#29: exiting
2023/10/20 09:21:50 [notice] 31#31: exiting
2023/10/20 09:21:50 [notice] 29#29: exit
2023/10/20 09:21:50 [notice] 31#31: exit
2023/10/20 09:21:50 [notice] 30#30: exit
2023/10/20 09:21:50 [notice] 32#32: exit
2023/10/20 09:21:50 [notice] 1#1: signal 17 (SIGCHLD) received from 29
2023/10/20 09:21:50 [notice] 1#1: worker process 29 exited with code 0
2023/10/20 09:21:50 [notice] 1#1: worker process 30 exited with code 0
2023/10/20 09:21:50 [notice] 1#1: worker process 32 exited with code 0
2023/10/20 09:21:50 [notice] 1#1: signal 29 (SIGIO) received
2023/10/20 09:21:50 [notice] 1#1: signal 17 (SIGCHLD) received from 32
2023/10/20 09:21:50 [notice] 1#1: signal 17 (SIGCHLD) received from 31
2023/10/20 09:21:50 [notice] 1#1: worker process 31 exited with code 0
2023/10/20 09:21:50 [notice] 1#1: exit
2023/10/20 09:22:03 [notice] 1#1: using the "epoll" event method
2023/10/20 09:22:03 [notice] 1#1: nginx/1.25.2
2023/10/20 09:22:03 [notice] 1#1: built by gcc 12.2.0 (Debian 12.2.0-14) 
2023/10/20 09:22:03 [notice] 1#1: OS: Linux 6.2.0-34-generic
2023/10/20 09:22:03 [notice] 1#1: getrlimit(RLIMIT_NOFILE): 1048576:1048576
2023/10/20 09:22:03 [notice] 1#1: start worker processes
2023/10/20 09:22:03 [notice] 1#1: start worker process 29
2023/10/20 09:22:03 [notice] 1#1: start worker process 30
2023/10/20 09:22:03 [notice] 1#1: start worker process 31
2023/10/20 09:22:03 [notice] 1#1: start worker process 32
2023/10/20 09:23:32 [notice] 1#1: signal 3 (SIGQUIT) received, shutting down
2023/10/20 09:23:32 [notice] 29#29: gracefully shutting down
2023/10/20 09:23:32 [notice] 29#29: exiting
2023/10/20 09:23:32 [notice] 30#30: gracefully shutting down
2023/10/20 09:23:32 [notice] 30#30: exiting
2023/10/20 09:23:32 [notice] 29#29: exit
2023/10/20 09:23:32 [notice] 30#30: exit
2023/10/20 09:23:32 [notice] 32#32: gracefully shutting down
2023/10/20 09:23:32 [notice] 32#32: exiting
2023/10/20 09:23:32 [notice] 32#32: exit
2023/10/20 09:23:32 [notice] 31#31: gracefully shutting down
2023/10/20 09:23:32 [notice] 31#31: exiting
2023/10/20 09:23:32 [notice] 31#31: exit
2023/10/20 09:23:32 [notice] 1#1: signal 17 (SIGCHLD) received from 29
2023/10/20 09:23:32 [notice] 1#1: worker process 29 exited with code 0
2023/10/20 09:23:32 [notice] 1#1: worker process 30 exited with code 0
2023/10/20 09:23:32 [notice] 1#1: worker process 32 exited with code 0
2023/10/20 09:23:32 [notice] 1#1: worker process 31 exited with code 0
2023/10/20 09:23:32 [notice] 1#1: exit
2023/10/20 09:23:41 [notice] 1#1: using the "epoll" event method
2023/10/20 09:23:41 [notice] 1#1: nginx/1.25.2
2023/10/20 09:23:41 [notice] 1#1: built by gcc 12.2.0 (Debian 12.2.0-14) 
2023/10/20 09:23:41 [notice] 1#1: OS: Linux 6.2.0-34-generic
2023/10/20 09:23:41 [notice] 1#1: getrlimit(RLIMIT_NOFILE): 1048576:1048576
2023/10/20 09:23:41 [notice] 1#1: start worker processes
2023/10/20 09:23:41 [notice] 1#1: start worker process 29
2023/10/20 09:23:41 [notice] 1#1: start worker process 30
2023/10/20 09:23:41 [notice] 1#1: start worker process 31
2023/10/20 09:23:41 [notice] 1#1: start worker process 32
2023/10/20 09:26:04 [notice] 1#1: signal 3 (SIGQUIT) received, shutting down
2023/10/20 09:26:04 [notice] 29#29: gracefully shutting down
2023/10/20 09:26:04 [notice] 30#30: gracefully shutting down
2023/10/20 09:26:04 [notice] 31#31: gracefully shutting down
2023/10/20 09:26:04 [notice] 30#30: exiting
2023/10/20 09:26:04 [notice] 31#31: exiting
2023/10/20 09:26:04 [notice] 32#32: gracefully shutting down
2023/10/20 09:26:04 [notice] 32#32: exiting
2023/10/20 09:26:04 [notice] 29#29: exiting
2023/10/20 09:26:04 [notice] 30#30: exit
2023/10/20 09:26:04 [notice] 31#31: exit
2023/10/20 09:26:04 [notice] 32#32: exit
2023/10/20 09:26:04 [notice] 29#29: exit
2023/10/20 09:26:04 [notice] 1#1: signal 17 (SIGCHLD) received from 32
2023/10/20 09:26:04 [notice] 1#1: worker process 32 exited with code 0
2023/10/20 09:26:04 [notice] 1#1: worker process 30 exited with code 0
2023/10/20 09:26:04 [notice] 1#1: signal 29 (SIGIO) received
2023/10/20 09:26:04 [notice] 1#1: signal 17 (SIGCHLD) received from 30
2023/10/20 09:26:04 [notice] 1#1: signal 17 (SIGCHLD) received from 31
2023/10/20 09:26:04 [notice] 1#1: worker process 29 exited with code 0
2023/10/20 09:26:04 [notice] 1#1: worker process 31 exited with code 0
2023/10/20 09:26:04 [notice] 1#1: exit
2023/10/20 09:26:12 [notice] 1#1: using the "epoll" event method
2023/10/20 09:26:12 [notice] 1#1: nginx/1.25.2
2023/10/20 09:26:12 [notice] 1#1: built by gcc 12.2.0 (Debian 12.2.0-14) 
2023/10/20 09:26:12 [notice] 1#1: OS: Linux 6.2.0-34-generic
2023/10/20 09:26:12 [notice] 1#1: getrlimit(RLIMIT_NOFILE): 1048576:1048576
2023/10/20 09:26:12 [notice] 1#1: start worker processes
2023/10/20 09:26:12 [notice] 1#1: start worker process 29
2023/10/20 09:26:12 [notice] 1#1: start worker process 30
2023/10/20 09:26:12 [notice] 1#1: start worker process 31
2023/10/20 09:26:12 [notice] 1#1: start worker process 32
2023/10/20 09:35:47 [notice] 1#1: signal 3 (SIGQUIT) received, shutting down
2023/10/20 09:35:47 [notice] 30#30: gracefully shutting down
2023/10/20 09:35:47 [notice] 29#29: gracefully shutting down
2023/10/20 09:35:47 [notice] 31#31: gracefully shutting down
2023/10/20 09:35:47 [notice] 29#29: exiting
2023/10/20 09:35:47 [notice] 31#31: exiting
2023/10/20 09:35:47 [notice] 32#32: gracefully shutting down
2023/10/20 09:35:47 [notice] 30#30: exiting
2023/10/20 09:35:47 [notice] 32#32: exiting
2023/10/20 09:35:47 [notice] 31#31: exit
2023/10/20 09:35:47 [notice] 29#29: exit
2023/10/20 09:35:47 [notice] 30#30: exit
2023/10/20 09:35:47 [notice] 32#32: exit
2023/10/20 09:35:47 [notice] 1#1: signal 17 (SIGCHLD) received from 30
2023/10/20 09:35:47 [notice] 1#1: worker process 30 exited with code 0
2023/10/20 09:35:47 [notice] 1#1: worker process 29 exited with code 0
2023/10/20 09:35:47 [notice] 1#1: worker process 31 exited with code 0
2023/10/20 09:35:47 [notice] 1#1: worker process 32 exited with code 0
2023/10/20 09:35:47 [notice] 1#1: exit
2023/10/20 09:36:38 [notice] 1#1: using the "epoll" event method
2023/10/20 09:36:38 [notice] 1#1: nginx/1.25.2
2023/10/20 09:36:38 [notice] 1#1: built by gcc 12.2.0 (Debian 12.2.0-14) 
2023/10/20 09:36:38 [notice] 1#1: OS: Linux 6.2.0-34-generic
2023/10/20 09:36:38 [notice] 1#1: getrlimit(RLIMIT_NOFILE): 1048576:1048576
2023/10/20 09:36:38 [notice] 1#1: start worker processes
2023/10/20 09:36:38 [notice] 1#1: start worker process 29
2023/10/20 09:36:38 [notice] 1#1: start worker process 30
2023/10/20 09:36:38 [notice] 1#1: start worker process 31
2023/10/20 09:36:38 [notice] 1#1: start worker process 32
2023/10/20 10:05:50 [notice] 1#1: signal 3 (SIGQUIT) received, shutting down
2023/10/20 10:05:50 [notice] 31#31: gracefully shutting down
2023/10/20 10:05:50 [notice] 29#29: gracefully shutting down
2023/10/20 10:05:50 [notice] 31#31: exiting
2023/10/20 10:05:50 [notice] 29#29: exiting
2023/10/20 10:05:50 [notice] 30#30: gracefully shutting down
2023/10/20 10:05:50 [notice] 32#32: gracefully shutting down
2023/10/20 10:05:50 [notice] 30#30: exiting
2023/10/20 10:05:50 [notice] 32#32: exiting
2023/10/20 10:05:50 [notice] 32#32: exit
2023/10/20 10:05:50 [notice] 29#29: exit
2023/10/20 10:05:50 [notice] 30#30: exit
2023/10/20 10:05:50 [notice] 31#31: exit
2023/10/20 10:05:50 [notice] 1#1: signal 17 (SIGCHLD) received from 32
2023/10/20 10:05:50 [notice] 1#1: worker process 30 exited with code 0
2023/10/20 10:05:50 [notice] 1#1: worker process 32 exited with code 0
2023/10/20 10:05:50 [notice] 1#1: signal 29 (SIGIO) received
2023/10/20 10:05:50 [notice] 1#1: signal 17 (SIGCHLD) received from 30
2023/10/20 10:05:50 [notice] 1#1: signal 17 (SIGCHLD) received from 29
2023/10/20 10:05:50 [notice] 1#1: worker process 29 exited with code 0
2023/10/20 10:05:50 [notice] 1#1: signal 29 (SIGIO) received
2023/10/20 10:05:50 [notice] 1#1: signal 17 (SIGCHLD) received from 31
2023/10/20 10:05:50 [notice] 1#1: worker process 31 exited with code 0
2023/10/20 10:05:50 [notice] 1#1: exit
2023/10/20 12:51:53 [notice] 1#1: using the "epoll" event method
2023/10/20 12:51:53 [notice] 1#1: nginx/1.25.2
2023/10/20 12:51:53 [notice] 1#1: built by gcc 12.2.0 (Debian 12.2.0-14) 
2023/10/20 12:51:53 [notice] 1#1: OS: Linux 6.2.0-34-generic
2023/10/20 12:51:53 [notice] 1#1: getrlimit(RLIMIT_NOFILE): 1048576:1048576
2023/10/20 12:51:53 [notice] 1#1: start worker processes
2023/10/20 12:51:53 [notice] 1#1: start worker process 29
2023/10/20 12:51:53 [notice] 1#1: start worker process 30
2023/10/20 12:51:53 [notice] 1#1: start worker process 31
2023/10/20 12:51:53 [notice] 1#1: start worker process 32
2023/10/20 12:53:35 [notice] 1#1: signal 3 (SIGQUIT) received, shutting down
2023/10/20 12:53:35 [notice] 29#29: gracefully shutting down
2023/10/20 12:53:35 [notice] 29#29: exiting
2023/10/20 12:53:35 [notice] 31#31: gracefully shutting down
2023/10/20 12:53:35 [notice] 31#31: exiting
2023/10/20 12:53:35 [notice] 32#32: gracefully shutting down
2023/10/20 12:53:35 [notice] 32#32: exiting
2023/10/20 12:53:35 [notice] 30#30: gracefully shutting down
2023/10/20 12:53:35 [notice] 30#30: exiting
2023/10/20 12:53:35 [notice] 32#32: exit
2023/10/20 12:53:35 [notice] 30#30: exit
2023/10/20 12:53:35 [notice] 31#31: exit
2023/10/20 12:53:35 [notice] 29#29: exit
2023/10/20 12:53:36 [notice] 1#1: signal 17 (SIGCHLD) received from 32
2023/10/20 12:53:36 [notice] 1#1: worker process 29 exited with code 0
2023/10/20 12:53:36 [notice] 1#1: worker process 31 exited with code 0
2023/10/20 12:53:36 [notice] 1#1: worker process 32 exited with code 0
2023/10/20 12:53:36 [notice] 1#1: signal 29 (SIGIO) received
2023/10/20 12:53:36 [notice] 1#1: signal 17 (SIGCHLD) received from 29
2023/10/20 12:53:36 [notice] 1#1: signal 17 (SIGCHLD) received from 30
2023/10/20 12:53:36 [notice] 1#1: worker process 30 exited with code 0
2023/10/20 12:53:36 [notice] 1#1: exit
2023/10/20 12:53:43 [notice] 1#1: using the "epoll" event method
2023/10/20 12:53:43 [notice] 1#1: nginx/1.25.2
2023/10/20 12:53:43 [notice] 1#1: built by gcc 12.2.0 (Debian 12.2.0-14) 
2023/10/20 12:53:43 [notice] 1#1: OS: Linux 6.2.0-34-generic
2023/10/20 12:53:43 [notice] 1#1: getrlimit(RLIMIT_NOFILE): 1048576:1048576
2023/10/20 12:53:43 [notice] 1#1: start worker processes
2023/10/20 12:53:43 [notice] 1#1: start worker process 29
2023/10/20 12:53:43 [notice] 1#1: start worker process 30
2023/10/20 12:53:43 [notice] 1#1: start worker process 31
2023/10/20 12:53:43 [notice] 1#1: start worker process 32
2023/10/20 12:56:50 [notice] 1#1: signal 3 (SIGQUIT) received, shutting down
2023/10/20 12:56:50 [notice] 31#31: gracefully shutting down
2023/10/20 12:56:50 [notice] 30#30: gracefully shutting down
2023/10/20 12:56:50 [notice] 30#30: exiting
2023/10/20 12:56:50 [notice] 29#29: gracefully shutting down
2023/10/20 12:56:50 [notice] 32#32: gracefully shutting down
2023/10/20 12:56:50 [notice] 29#29: exiting
2023/10/20 12:56:50 [notice] 32#32: exiting
2023/10/20 12:56:50 [notice] 31#31: exiting
2023/10/20 12:56:50 [notice] 32#32: exit
2023/10/20 12:56:50 [notice] 30#30: exit
2023/10/20 12:56:50 [notice] 29#29: exit
2023/10/20 12:56:50 [notice] 31#31: exit
2023/10/20 12:56:51 [notice] 1#1: signal 17 (SIGCHLD) received from 30
2023/10/20 12:56:51 [notice] 1#1: worker process 30 exited with code 0
2023/10/20 12:56:51 [notice] 1#1: worker process 32 exited with code 0
2023/10/20 12:56:51 [notice] 1#1: worker process 31 exited with code 0
2023/10/20 12:56:51 [notice] 1#1: signal 29 (SIGIO) received
2023/10/20 12:56:51 [notice] 1#1: signal 17 (SIGCHLD) received from 32
2023/10/20 12:56:51 [notice] 1#1: signal 17 (SIGCHLD) received from 29
2023/10/20 12:56:51 [notice] 1#1: worker process 29 exited with code 0
2023/10/20 12:56:51 [notice] 1#1: exit
2023/10/20 12:56:58 [notice] 1#1: using the "epoll" event method
2023/10/20 12:56:58 [notice] 1#1: nginx/1.25.2
2023/10/20 12:56:58 [notice] 1#1: built by gcc 12.2.0 (Debian 12.2.0-14) 
2023/10/20 12:56:58 [notice] 1#1: OS: Linux 6.2.0-34-generic
2023/10/20 12:56:58 [notice] 1#1: getrlimit(RLIMIT_NOFILE): 1048576:1048576
2023/10/20 12:56:58 [notice] 1#1: start worker processes
2023/10/20 12:56:58 [notice] 1#1: start worker process 29
2023/10/20 12:56:58 [notice] 1#1: start worker process 30
2023/10/20 12:56:58 [notice] 1#1: start worker process 31
2023/10/20 12:56:58 [notice] 1#1: start worker process 32
2023/10/20 13:01:15 [notice] 1#1: signal 3 (SIGQUIT) received, shutting down
2023/10/20 13:01:15 [notice] 29#29: gracefully shutting down
2023/10/20 13:01:15 [notice] 30#30: gracefully shutting down
2023/10/20 13:01:15 [notice] 32#32: gracefully shutting down
2023/10/20 13:01:15 [notice] 30#30: exiting
2023/10/20 13:01:15 [notice] 32#32: exiting
2023/10/20 13:01:15 [notice] 29#29: exiting
2023/10/20 13:01:15 [notice] 31#31: gracefully shutting down
2023/10/20 13:01:15 [notice] 31#31: exiting
2023/10/20 13:01:15 [notice] 29#29: exit
2023/10/20 13:01:15 [notice] 32#32: exit
2023/10/20 13:01:15 [notice] 30#30: exit
2023/10/20 13:01:15 [notice] 31#31: exit
2023/10/20 13:01:16 [notice] 1#1: signal 17 (SIGCHLD) received from 29
2023/10/20 13:01:16 [notice] 1#1: worker process 29 exited with code 0
2023/10/20 13:01:16 [notice] 1#1: signal 29 (SIGIO) received
2023/10/20 13:01:16 [notice] 1#1: signal 17 (SIGCHLD) received from 32
2023/10/20 13:01:16 [notice] 1#1: worker process 32 exited with code 0
2023/10/20 13:01:16 [notice] 1#1: signal 29 (SIGIO) received
2023/10/20 13:01:16 [notice] 1#1: signal 17 (SIGCHLD) received from 30
2023/10/20 13:01:16 [notice] 1#1: worker process 30 exited with code 0
2023/10/20 13:01:16 [notice] 1#1: signal 29 (SIGIO) received
2023/10/20 13:01:16 [notice] 1#1: signal 17 (SIGCHLD) received from 31
2023/10/20 13:01:16 [notice] 1#1: worker process 31 exited with code 0
2023/10/20 13:01:16 [notice] 1#1: exit
2023/10/20 13:01:25 [notice] 1#1: using the "epoll" event method
2023/10/20 13:01:25 [notice] 1#1: nginx/1.25.2
2023/10/20 13:01:25 [notice] 1#1: built by gcc 12.2.0 (Debian 12.2.0-14) 
2023/10/20 13:01:25 [notice] 1#1: OS: Linux 6.2.0-34-generic
2023/10/20 13:01:25 [notice] 1#1: getrlimit(RLIMIT_NOFILE): 1048576:1048576
2023/10/20 13:01:25 [notice] 1#1: start worker processes
2023/10/20 13:01:25 [notice] 1#1: start worker process 29
2023/10/20 13:01:25 [notice] 1#1: start worker process 30
2023/10/20 13:01:25 [notice] 1#1: start worker process 31
2023/10/20 13:01:25 [notice] 1#1: start worker process 32
2023/10/20 13:10:26 [notice] 1#1: signal 3 (SIGQUIT) received, shutting down
2023/10/20 13:10:26 [notice] 29#29: gracefully shutting down
2023/10/20 13:10:26 [notice] 30#30: gracefully shutting down
2023/10/20 13:10:26 [notice] 30#30: exiting
2023/10/20 13:10:26 [notice] 32#32: gracefully shutting down
2023/10/20 13:10:26 [notice] 31#31: gracefully shutting down
2023/10/20 13:10:26 [notice] 32#32: exiting
2023/10/20 13:10:26 [notice] 31#31: exiting
2023/10/20 13:10:26 [notice] 29#29: exiting
2023/10/20 13:10:26 [notice] 32#32: exit
2023/10/20 13:10:26 [notice] 30#30: exit
2023/10/20 13:10:26 [notice] 29#29: exit
2023/10/20 13:10:26 [notice] 31#31: exit
2023/10/20 13:10:26 [notice] 1#1: signal 17 (SIGCHLD) received from 31
2023/10/20 13:10:26 [notice] 1#1: worker process 31 exited with code 0
2023/10/20 13:10:26 [notice] 1#1: signal 29 (SIGIO) received
2023/10/20 13:10:26 [notice] 1#1: signal 17 (SIGCHLD) received from 29
2023/10/20 13:10:26 [notice] 1#1: worker process 29 exited with code 0
2023/10/20 13:10:26 [notice] 1#1: signal 29 (SIGIO) received
2023/10/20 13:10:26 [notice] 1#1: signal 17 (SIGCHLD) received from 32
2023/10/20 13:10:26 [notice] 1#1: worker process 32 exited with code 0
2023/10/20 13:10:26 [notice] 1#1: signal 17 (SIGCHLD) received from 30
2023/10/20 13:10:26 [notice] 1#1: worker process 30 exited with code 0
2023/10/20 13:10:26 [notice] 1#1: exit
2023/10/20 13:10:58 [notice] 1#1: using the "epoll" event method
2023/10/20 13:10:58 [notice] 1#1: nginx/1.25.2
2023/10/20 13:10:58 [notice] 1#1: built by gcc 12.2.0 (Debian 12.2.0-14) 
2023/10/20 13:10:58 [notice] 1#1: OS: Linux 6.2.0-34-generic
2023/10/20 13:10:58 [notice] 1#1: getrlimit(RLIMIT_NOFILE): 1048576:1048576
2023/10/20 13:10:58 [notice] 1#1: start worker processes
2023/10/20 13:10:58 [notice] 1#1: start worker process 29
2023/10/20 13:10:58 [notice] 1#1: start worker process 30
2023/10/20 13:10:58 [notice] 1#1: start worker process 31
2023/10/20 13:10:58 [notice] 1#1: start worker process 32
2023/10/20 13:13:19 [notice] 1#1: signal 3 (SIGQUIT) received, shutting down
2023/10/20 13:13:19 [notice] 30#30: gracefully shutting down
2023/10/20 13:13:19 [notice] 29#29: gracefully shutting down
2023/10/20 13:13:19 [notice] 30#30: exiting
2023/10/20 13:13:19 [notice] 29#29: exiting
2023/10/20 13:13:19 [notice] 31#31: gracefully shutting down
2023/10/20 13:13:19 [notice] 31#31: exiting
2023/10/20 13:13:19 [notice] 32#32: gracefully shutting down
2023/10/20 13:13:19 [notice] 32#32: exiting
2023/10/20 13:13:19 [notice] 32#32: exit
2023/10/20 13:13:19 [notice] 29#29: exit
2023/10/20 13:13:19 [notice] 30#30: exit
2023/10/20 13:13:19 [notice] 31#31: exit
2023/10/20 13:13:19 [notice] 1#1: signal 17 (SIGCHLD) received from 29
2023/10/20 13:13:19 [notice] 1#1: worker process 29 exited with code 0
2023/10/20 13:13:19 [notice] 1#1: signal 29 (SIGIO) received
2023/10/20 13:13:19 [notice] 1#1: signal 17 (SIGCHLD) received from 31
2023/10/20 13:13:19 [notice] 1#1: worker process 30 exited with code 0
2023/10/20 13:13:19 [notice] 1#1: worker process 31 exited with code 0
2023/10/20 13:13:19 [notice] 1#1: signal 29 (SIGIO) received
2023/10/20 13:13:19 [notice] 1#1: signal 17 (SIGCHLD) received from 32
2023/10/20 13:13:19 [notice] 1#1: worker process 32 exited with code 0
2023/10/20 13:13:19 [notice] 1#1: exit
2023/10/20 13:13:52 [notice] 1#1: using the "epoll" event method
2023/10/20 13:13:52 [notice] 1#1: nginx/1.25.2
2023/10/20 13:13:52 [notice] 1#1: built by gcc 12.2.0 (Debian 12.2.0-14) 
2023/10/20 13:13:52 [notice] 1#1: OS: Linux 6.2.0-34-generic
2023/10/20 13:13:52 [notice] 1#1: getrlimit(RLIMIT_NOFILE): 1048576:1048576
2023/10/20 13:13:52 [notice] 1#1: start worker processes
2023/10/20 13:13:52 [notice] 1#1: start worker process 29
2023/10/20 13:13:52 [notice] 1#1: start worker process 30
2023/10/20 13:13:52 [notice] 1#1: start worker process 31
2023/10/20 13:13:52 [notice] 1#1: start worker process 32
2023/10/20 13:18:28 [notice] 1#1: signal 3 (SIGQUIT) received, shutting down
2023/10/20 13:18:28 [notice] 30#30: gracefully shutting down
2023/10/20 13:18:28 [notice] 29#29: gracefully shutting down
2023/10/20 13:18:28 [notice] 31#31: gracefully shutting down
2023/10/20 13:18:28 [notice] 31#31: exiting
2023/10/20 13:18:28 [notice] 29#29: exiting
2023/10/20 13:18:28 [notice] 30#30: exiting
2023/10/20 13:18:28 [notice] 32#32: gracefully shutting down
2023/10/20 13:18:28 [notice] 32#32: exiting
2023/10/20 13:18:28 [notice] 29#29: exit
2023/10/20 13:18:28 [notice] 30#30: exit
2023/10/20 13:18:28 [notice] 32#32: exit
2023/10/20 13:18:28 [notice] 31#31: exit
2023/10/20 13:18:28 [notice] 1#1: signal 17 (SIGCHLD) received from 32
2023/10/20 13:18:28 [notice] 1#1: worker process 32 exited with code 0
2023/10/20 13:18:28 [notice] 1#1: signal 29 (SIGIO) received
2023/10/20 13:18:28 [notice] 1#1: signal 17 (SIGCHLD) received from 29
2023/10/20 13:18:28 [notice] 1#1: worker process 29 exited with code 0
2023/10/20 13:18:28 [notice] 1#1: worker process 30 exited with code 0
2023/10/20 13:18:28 [notice] 1#1: worker process 31 exited with code 0
2023/10/20 13:18:28 [notice] 1#1: exit
2023/10/20 13:20:18 [notice] 1#1: using the "epoll" event method
2023/10/20 13:20:18 [notice] 1#1: nginx/1.25.2
2023/10/20 13:20:18 [notice] 1#1: built by gcc 12.2.0 (Debian 12.2.0-14) 
2023/10/20 13:20:18 [notice] 1#1: OS: Linux 6.2.0-34-generic
2023/10/20 13:20:18 [notice] 1#1: getrlimit(RLIMIT_NOFILE): 1048576:1048576
2023/10/20 13:20:18 [notice] 1#1: start worker processes
2023/10/20 13:20:18 [notice] 1#1: start worker process 29
2023/10/20 13:20:18 [notice] 1#1: start worker process 30
2023/10/20 13:20:18 [notice] 1#1: start worker process 31
2023/10/20 13:20:18 [notice] 1#1: start worker process 32
2023/10/20 13:21:18 [notice] 1#1: signal 3 (SIGQUIT) received, shutting down
2023/10/20 13:21:18 [notice] 30#30: gracefully shutting down
2023/10/20 13:21:18 [notice] 30#30: exiting
2023/10/20 13:21:18 [notice] 29#29: gracefully shutting down
2023/10/20 13:21:18 [notice] 29#29: exiting
2023/10/20 13:21:18 [notice] 31#31: gracefully shutting down
2023/10/20 13:21:18 [notice] 31#31: exiting
2023/10/20 13:21:18 [notice] 32#32: gracefully shutting down
2023/10/20 13:21:18 [notice] 32#32: exiting
2023/10/20 13:21:18 [notice] 31#31: exit
2023/10/20 13:21:18 [notice] 29#29: exit
2023/10/20 13:21:18 [notice] 32#32: exit
2023/10/20 13:21:18 [notice] 30#30: exit
2023/10/20 13:21:18 [notice] 1#1: signal 17 (SIGCHLD) received from 31
2023/10/20 13:21:18 [notice] 1#1: worker process 31 exited with code 0
2023/10/20 13:21:18 [notice] 1#1: worker process 32 exited with code 0
2023/10/20 13:21:18 [notice] 1#1: signal 29 (SIGIO) received
2023/10/20 13:21:18 [notice] 1#1: signal 17 (SIGCHLD) received from 30
2023/10/20 13:21:18 [notice] 1#1: worker process 30 exited with code 0
2023/10/20 13:21:18 [notice] 1#1: signal 29 (SIGIO) received
2023/10/20 13:21:18 [notice] 1#1: signal 17 (SIGCHLD) received from 29
2023/10/20 13:21:18 [notice] 1#1: worker process 29 exited with code 0
2023/10/20 13:21:18 [notice] 1#1: exit
2023/10/20 13:21:36 [notice] 1#1: using the "epoll" event method
2023/10/20 13:21:36 [notice] 1#1: nginx/1.25.2
2023/10/20 13:21:36 [notice] 1#1: built by gcc 12.2.0 (Debian 12.2.0-14) 
2023/10/20 13:21:36 [notice] 1#1: OS: Linux 6.2.0-34-generic
2023/10/20 13:21:36 [notice] 1#1: getrlimit(RLIMIT_NOFILE): 1048576:1048576
2023/10/20 13:21:36 [notice] 1#1: start worker processes
2023/10/20 13:21:36 [notice] 1#1: start worker process 29
2023/10/20 13:21:36 [notice] 1#1: start worker process 30
2023/10/20 13:21:36 [notice] 1#1: start worker process 31
2023/10/20 13:21:36 [notice] 1#1: start worker process 32
2023/10/20 13:42:17 [notice] 1#1: signal 3 (SIGQUIT) received, shutting down
2023/10/20 13:42:17 [notice] 29#29: gracefully shutting down
2023/10/20 13:42:17 [notice] 30#30: gracefully shutting down
2023/10/20 13:42:17 [notice] 31#31: gracefully shutting down
2023/10/20 13:42:17 [notice] 32#32: gracefully shutting down
2023/10/20 13:42:17 [notice] 30#30: exiting
2023/10/20 13:42:17 [notice] 31#31: exiting
2023/10/20 13:42:17 [notice] 32#32: exiting
2023/10/20 13:42:17 [notice] 29#29: exiting
2023/10/20 13:42:17 [notice] 30#30: exit
2023/10/20 13:42:17 [notice] 31#31: exit
2023/10/20 13:42:17 [notice] 32#32: exit
2023/10/20 13:42:17 [notice] 29#29: exit
2023/10/20 13:42:17 [notice] 1#1: signal 17 (SIGCHLD) received from 30
2023/10/20 13:42:17 [notice] 1#1: worker process 30 exited with code 0
2023/10/20 13:42:17 [notice] 1#1: signal 29 (SIGIO) received
2023/10/20 13:42:17 [notice] 1#1: signal 17 (SIGCHLD) received from 29
2023/10/20 13:42:17 [notice] 1#1: worker process 29 exited with code 0
2023/10/20 13:42:17 [notice] 1#1: signal 29 (SIGIO) received
2023/10/20 13:42:17 [notice] 1#1: signal 17 (SIGCHLD) received from 32
2023/10/20 13:42:17 [notice] 1#1: worker process 31 exited with code 0
2023/10/20 13:42:17 [notice] 1#1: worker process 32 exited with code 0
2023/10/20 13:42:17 [notice] 1#1: exit
2023/10/21 15:58:58 [notice] 1#1: using the "epoll" event method
2023/10/21 15:58:58 [notice] 1#1: nginx/1.25.2
2023/10/21 15:58:58 [notice] 1#1: built by gcc 12.2.0 (Debian 12.2.0-14) 
2023/10/21 15:58:58 [notice] 1#1: OS: Linux 6.2.0-34-generic
2023/10/21 15:58:58 [notice] 1#1: getrlimit(RLIMIT_NOFILE): 1048576:1048576
2023/10/21 15:58:58 [notice] 1#1: start worker processes
2023/10/21 15:58:58 [notice] 1#1: start worker process 30
2023/10/21 15:58:58 [notice] 1#1: start worker process 31
2023/10/21 15:58:58 [notice] 1#1: start worker process 32
2023/10/21 15:58:58 [notice] 1#1: start worker process 33
2023/10/21 16:29:37 [notice] 1#1: signal 3 (SIGQUIT) received, shutting down
2023/10/21 16:29:37 [notice] 31#31: gracefully shutting down
2023/10/21 16:29:37 [notice] 33#33: gracefully shutting down
2023/10/21 16:29:37 [notice] 31#31: exiting
2023/10/21 16:29:37 [notice] 33#33: exiting
2023/10/21 16:29:37 [notice] 30#30: gracefully shutting down
2023/10/21 16:29:37 [notice] 30#30: exiting
2023/10/21 16:29:37 [notice] 32#32: gracefully shutting down
2023/10/21 16:29:37 [notice] 32#32: exiting
2023/10/21 16:29:37 [notice] 31#31: exit
2023/10/21 16:29:37 [notice] 33#33: exit
2023/10/21 16:29:37 [notice] 30#30: exit
2023/10/21 16:29:37 [notice] 32#32: exit
2023/10/21 16:29:37 [notice] 1#1: signal 17 (SIGCHLD) received from 30
2023/10/21 16:29:37 [notice] 1#1: worker process 30 exited with code 0
2023/10/21 16:29:37 [notice] 1#1: signal 29 (SIGIO) received
2023/10/21 16:29:37 [notice] 1#1: signal 17 (SIGCHLD) received from 31
2023/10/21 16:29:37 [notice] 1#1: worker process 31 exited with code 0
2023/10/21 16:29:37 [notice] 1#1: worker process 32 exited with code 0
2023/10/21 16:29:37 [notice] 1#1: worker process 33 exited with code 0
2023/10/21 16:29:37 [notice] 1#1: exit
